[debug] [2024-08-27T19:49:43.911Z] ----------------------------------------------------------------------
[debug] [2024-08-27T19:49:43.914Z] Command:       /nix/store/6g9n96qf1yx139xklnmy3v4xhjvjgsji-nodejs-20.12.2/bin/node /home/runner/aetk/.config/npm/node_global/bin/firebase init
[debug] [2024-08-27T19:49:43.920Z] CLI Version:   13.15.4
[debug] [2024-08-27T19:49:43.920Z] Platform:      linux
[debug] [2024-08-27T19:49:43.920Z] Node Version:  v20.12.2
[debug] [2024-08-27T19:49:43.920Z] Time:          Tue Aug 27 2024 19:49:43 GMT+0000 (Coordinated Universal Time)
[debug] [2024-08-27T19:49:43.921Z] ----------------------------------------------------------------------
[debug] 
[debug] [2024-08-27T19:49:43.926Z] > command requires scopes: ["email","openid","https://www.googleapis.com/auth/cloudplatformprojects.readonly","https://www.googleapis.com/auth/firebase","https://www.googleapis.com/auth/cloud-platform"]
[debug] [2024-08-27T19:49:43.926Z] > authorizing via signed-in user (nzeyimanaallyelvis@gmail.com)
[info] 
     ######## #### ########  ######## ########     ###     ######  ########
     ##        ##  ##     ## ##       ##     ##  ##   ##  ##       ##
     ######    ##  ########  ######   ########  #########  ######  ######
     ##        ##  ##    ##  ##       ##     ## ##     ##       ## ##
     ##       #### ##     ## ######## ########  ##     ##  ######  ########

You're about to initialize a Firebase project in this directory:

  /home/runner/aetk

[info] 
=== Project Setup
[info] 
[info] First, let's associate this project directory with a Firebase project.
[info] You can create multiple project aliases by running firebase use --add, 
[info] but for now we'll just set up a default project.
[info] 
